
>>JqueryDropDownConcept9 

NoAlertPresentException: for alerts when there is no alerts and we try to work on lasert
org.openqa.selenium.InvalidSelectorException wrong xpath
 org.openqa.selenium.InvalidArgumentException:--FileUploadPopup13 when same xpath is given for
 -- two different webelement
 
 .ElementClickInterceptedException:
 element click intercepted: Element is not clickable at point (63, 2086)
 
 ElementClickInterceptedException: element click intercepted: Element 
 <g fill="#2874F1" fill-rule="evenodd">...</g> is not clickable at point (553, 27).
  Other element would receive the click: <svg width="20" height="20" viewBox="0 0 17 18"
   class="" xmlns="http://www.w3.org/2000/svg">...</svg>
   
   
   
org.openqa.selenium.TimeoutException: Expected condition failed:
 waiting for presence of element located by: By.id: input-email 
 (tried for 10 second(s) with 500 milliseconds interval)
	
 
 org.openqa.selenium.remote.http.ConnectionFailedException:
  Unable to establish websocket connection to http://localhost:52352/devtools/browser/3c00681f-925c-4819-bb30-49b0fb8df268
Build info: version: '4.8.1', revision: '8ebccac989'
 
 
 
 org.openqa.selenium.interactions.MoveTargetOutOfBoundsException: move target out of bounds
 got using action class when unable to move to element
 

 org.openqa.selenium.NoSuchSessionException
 Session ID is null. Using WebDriver after calling quit()?
 
 
 StaleElementReferenceException: stale element reference:
  element is not attached to the page document
  
  //amazon div//div[text()='Get to Know Us']/parent::div//li
  
  
  NoSuchWindowException: no such window: target window already closed session 14
  
  
  org.openqa.selenium.interactions.MoveTargetOutOfBoundsException: move target out of bounds
  19
  
  Exception in thread "main" org.openqa.selenium.NoAlertPresentException: no such alert
  
  
  Exception in thread "main" org.openqa.selenium.TimeoutException: Expected condition failed: waiting for element to be clickable: By.linkText: Forgot Password?1 (tried for 10 second(s) 
  with 1000 milliseconds interval)
  
  
  Exception in thread "main" org.openqa.selenium.ElementNotInteractableException: element not interactable: element has zero size
  (Session info: chrome=111.0.5563.65)
  
  
  Exception in thread "main" org.openqa.selenium.ElementClickInterceptedException: element click intercepted: Element is not clickable at point (113, 2088)
  (Session info: chrome=111.0.5563.65)